  C++Mqtt.cpp
C:\Users\JamesClyburn\git\MQTTCppExample\Dependencies\gzip\include\decompress.hpp(46,9): warning C4068: unknown pragma 'GCC'
  (compiling source file 'C++Mqtt.cpp')
  
C:\Users\JamesClyburn\git\MQTTCppExample\Dependencies\gzip\include\decompress.hpp(47,9): warning C4068: unknown pragma 'GCC'
  (compiling source file 'C++Mqtt.cpp')
  
C:\Users\JamesClyburn\git\MQTTCppExample\Dependencies\gzip\include\decompress.hpp(52,9): warning C4068: unknown pragma 'GCC'
  (compiling source file 'C++Mqtt.cpp')
  
C:\Users\JamesClyburn\git\MQTTCppExample\C++Mqtt\EDMMQTTClient.cpp(10,1): warning C4005: 'HV_EXPORT': macro redefinition
  (compiling source file 'C++Mqtt.cpp')
  C:\Users\JamesClyburn\git\MQTTCppExample\Dependencies\libhv\include\hv\hexport.h(6,1):
  see previous definition of 'HV_EXPORT'
  
  EDMMQTTClient.cpp
C:\Users\JamesClyburn\git\MQTTCppExample\Dependencies\gzip\include\decompress.hpp(46,9): warning C4068: unknown pragma 'GCC'
  (compiling source file 'EDMMQTTClient.cpp')
  
C:\Users\JamesClyburn\git\MQTTCppExample\Dependencies\gzip\include\decompress.hpp(47,9): warning C4068: unknown pragma 'GCC'
  (compiling source file 'EDMMQTTClient.cpp')
  
C:\Users\JamesClyburn\git\MQTTCppExample\Dependencies\gzip\include\decompress.hpp(52,9): warning C4068: unknown pragma 'GCC'
  (compiling source file 'EDMMQTTClient.cpp')
  
C:\Users\JamesClyburn\git\MQTTCppExample\C++Mqtt\EDMMQTTClient.cpp(10,1): warning C4005: 'HV_EXPORT': macro redefinition
  C:\Users\JamesClyburn\git\MQTTCppExample\Dependencies\libhv\include\hv\hexport.h(6,1):
  see previous definition of 'HV_EXPORT'
  
LINK : warning LNK4098: defaultlib 'LIBCMT' conflicts with use of other libs; use /NODEFAULTLIB:library
LINK : warning LNK4098: defaultlib 'MSVCRTD' conflicts with use of other libs; use /NODEFAULTLIB:library
  Generating code
  Previous IPDB not found, fall back to full compilation.
  All 526 functions were compiled because no usable IPDB/IOBJ from previous compilation was found.
  Finished generating code
  C++Mqtt.vcxproj -> C:\Users\JamesClyburn\git\MQTTCppExample\x64\Release\C++Mqtt.exe
